# Server version 0.08 running on louis-System-Product-Name:8123
# Game ID: 211
# Board class: pentago_swap.PentagoBoard
# Timeout: 2000
# First Move Timeout: 30000
# Date: Wed Apr 10 17:00:16 EDT 2019
# Player 1: Player-0, '260872326', running on localhost
# Player 2: Player-1, 'Human', running on localhost
START Player-0 260872326
START Player-1 Human
1 1 BL BR 0
1 4 TR BR 1
0 5 TL BL 0
2 4 BR TR 1
1 1 BL BR 0
2 4 TR BR 1
0 5 TL BL 0
2 4 TR BR 1
1 1 BL BR 0
2 5 TR BR 1
0 5 TL BL 0
2 4 TR BR 1
0 5 TL BL 0
1 5 TR BR 1
3 0 BL BR 0
2 5 TR BR 1
3 0 BL BR 0
2 5 TR BR 1
3 0 BL BR 0
2 3 TR BR 1
GAMEOVER WINNER 1
# Game ended: Wed Apr 10 17:00:53 EDT 2019
