# Server version 0.08 running on louis-System-Product-Name:8123
# Game ID: 117
# Board class: pentago_swap.PentagoBoard
# Timeout: 2000
# First Move Timeout: 30000
# Date: Sun Apr 07 18:27:14 EDT 2019
# Player 1: Player-0, '260872326', running on localhost
# Player 2: Player-1, 'Human', running on localhost
START Player-0 260872326
START Player-1 Human
0 0 TL TR 0
1 3 TR TL 1
3 4 TR BR 0
1 4 TL TR 1
0 0 TL TR 0
4 4 BL BR 1
3 2 TL TR 0
4 2 BR BL 1
0 4 BL BR 0
3 3 BR BL 1
3 3 TL BL 0
1 4 TL TR 1
3 2 BL BR 0
2 1 TL TR 1
2 3 TL TR 0
1 2 TL TR 1
4 3 BL BR 0
1 1 TL TR 1
0 5 TL BL 0
3 2 BL BR 1
GAMEOVER WINNER 1
# Game ended: Sun Apr 07 18:28:41 EDT 2019
