# Server version 0.08 running on louis-System-Product-Name:8123
# Game ID: 92
# Board class: pentago_swap.PentagoBoard
# Timeout: 2000
# First Move Timeout: 30000
# Date: Sat Apr 06 02:04:30 EDT 2019
# Player 1: Player-0, '260872326', running on localhost
# Player 2: Player-1, 'Human', running on localhost
START Player-0 260872326
START Player-1 Human
3 4 BL BR 0
4 4 TR BR 1
3 4 BL BR 0
1 1 TR TL 1
1 3 TR BR 0
3 4 BL BR 1
2 5 TL TR 0
2 1 TL TR 1
0 1 BL BR 0
1 4 TL TR 1
3 3 TL BL 0
2 1 TL TR 1
2 5 BL BR 0
2 1 TL TR 1
2 3 TL TR 0
1 4 TL TR 1
3 5 BL BR 0
0 2 TL TR 1
4 2 TR BR 0
GAMEOVER USER CANCEL UNDECIDED
# Game ended: Sat Apr 06 02:07:06 EDT 2019
