# Server version 0.08 running on louis-System-Product-Name:8123
# Game ID: 134
# Board class: pentago_swap.PentagoBoard
# Timeout: 2000
# First Move Timeout: 30000
# Date: Sun Apr 07 20:23:58 EDT 2019
# Player 1: Player-0, '260872326', running on localhost
# Player 2: Player-1, 'RandomPlayer', running on localhost
START Player-0 260872326
START Player-1 RandomPlayer
0 4 BL BR 0
4 1 BL BR 1
0 2 TL BR 0
4 0 TR BR 1
0 2 TL BR 0
1 0 BL BR 1
0 2 TL BR 0
2 2 TL BL 1
1 2 TL BL 0
0 1 TL BR 1
0 4 TL TR 0
1 2 TR BR 1
0 5 TL BL 0
0 1 TR BL 1
0 0 TL BR 0
5 4 TL BR 1
3 3 TL BR 0
4 1 TL BR 1
GAMEOVER WINNER 1
# Game ended: Sun Apr 07 20:23:59 EDT 2019
