# Server version 0.08 running on louis-System-Product-Name:8123
# Game ID: 271
# Board class: pentago_swap.PentagoBoard
# Timeout: 2000
# First Move Timeout: 30000
# Date: Wed Apr 10 18:04:12 EDT 2019
# Player 1: Player-0, 'RandomPlayer', running on localhost
# Player 2: Player-1, '260872326', running on localhost
START Player-0 RandomPlayer
START Player-1 260872326
0 1 TR BL 0
0 3 TR BR 1
1 0 TL BL 0
0 3 TR BR 1
2 3 TL BR 0
4 3 BL BR 1
5 2 TL TR 0
3 3 TR BR 1
4 2 TR BL 0
0 3 TR BR 1
2 2 TL BR 0
4 3 BL BR 1
1 1 BL BR 0
1 3 TL BL 1
2 1 TR BR 0
5 3 TL BL 1
2 1 TL TR 0
5 0 TL BL 1
2 3 BL BR 0
1 2 TL BL 1
0 1 TR BR 0
1 2 TL BL 1
0 5 TR BR 0
5 1 TL BL 1
0 2 TL BL 0
4 5 TL BL 1
3 2 TL TR 0
GAMEOVER WINNER 1
# Game ended: Wed Apr 10 18:04:12 EDT 2019
