# Server version 0.08 running on louis-System-Product-Name:8123
# Game ID: 67
# Board class: pentago_swap.PentagoBoard
# Timeout: 2000
# First Move Timeout: 30000
# Date: Wed Apr 03 11:22:03 EDT 2019
# Player 1: Player-0, 'Human', running on localhost
# Player 2: Player-1, '260872326', running on localhost
START Player-0 Human
START Player-1 260872326
1 1 TL TR 0
3 2 TR BL 1
4 2 BL BR 0
1 3 TR BR 1
1 3 TR TL 0
1 5 TL TR 1
4 2 TR BR 0
3 0 BL BR 1
4 4 BL BR 0
GAMEOVER WINNER 0
# Game ended: Wed Apr 03 11:23:45 EDT 2019
