# Server version 0.08 running on louis-System-Product-Name:8123
# Game ID: 16
# Board class: pentago_swap.PentagoBoard
# Timeout: 2000
# First Move Timeout: 30000
# Date: Tue Apr 02 00:14:29 EDT 2019
# Player 1: Player-0, '260872326', running on localhost
# Player 2: Player-1, 'RandomPlayer', running on localhost
START Player-0 260872326
START Player-1 RandomPlayer
0 0 TL TR 0
0 1 TR BR 1
0 0 TL TR 0
3 2 TL TR 1
0 2 TL TR 0
2 0 BL BR 1
0 0 TL TR 0
4 0 TL BL 1
0 1 TL TR 0
5 4 BL BR 1
0 1 TL TR 0
4 0 TL TR 1
0 2 TL TR 0
1 4 BL BR 1
0 2 TL TR 0
GAMEOVER WINNER 0
# Game ended: Tue Apr 02 00:14:30 EDT 2019
