# Server version 0.08 running on louis-System-Product-Name:8123
# Game ID: 197
# Board class: pentago_swap.PentagoBoard
# Timeout: 2000
# First Move Timeout: 30000
# Date: Wed Apr 10 16:05:41 EDT 2019
# Player 1: Player-0, '260872326', running on localhost
# Player 2: Player-1, 'Human', running on localhost
START Player-0 260872326
START Player-1 Human
4 0 TL TR 0
3 1 TL BL 1
4 0 TL TR 0
0 5 TR BR 1
2 2 TR BR 0
3 1 TL BL 1
2 3 TL BL 0
5 5 BR TL 1
5 0 TR BR 0
GAMEOVER USER CANCEL UNDECIDED
# Game ended: Wed Apr 10 16:09:00 EDT 2019
