# Server version 0.08 running on louis-System-Product-Name:8123
# Game ID: 129
# Board class: pentago_swap.PentagoBoard
# Timeout: 2000
# First Move Timeout: 30000
# Date: Sun Apr 07 20:23:50 EDT 2019
# Player 1: Player-0, 'RandomPlayer', running on localhost
# Player 2: Player-1, '260872326', running on localhost
START Player-0 RandomPlayer
START Player-1 260872326
3 5 TL TR 0
0 4 BL BR 1
0 3 TL BR 0
0 2 TL BR 1
5 0 TL TR 0
0 2 TL BR 1
2 1 BL BR 0
2 4 BL BR 1
5 5 TL TR 0
0 2 TL BR 1
1 2 TL BL 0
1 2 TL BR 1
2 5 TR BR 0
5 3 BL BR 1
5 3 TL TR 0
4 3 TL BR 1
1 5 TL TR 0
0 0 TR BL 1
4 1 TR BL 0
4 3 TL BR 1
3 0 TL TR 0
0 4 TL TR 1
2 1 TR BL 0
1 1 BL BR 1
3 1 TL BL 0
3 0 TR BL 1
1 0 BL BR 0
4 4 BL BR 1
2 5 TR BL 0
1 1 TR BR 1
2 0 TR BR 0
5 4 TL BR 1
1 3 TL BL 0
0 4 TR BL 1
4 2 TL BL 0
5 5 BL BR 1
GAMEOVER DRAW
# Game ended: Sun Apr 07 20:23:50 EDT 2019
