# Server version 0.08 running on louis-System-Product-Name:8123
# Game ID: 232
# Board class: pentago_swap.PentagoBoard
# Timeout: 2000
# First Move Timeout: 30000
# Date: Wed Apr 10 17:28:43 EDT 2019
# Player 1: Player-0, '260872326', running on localhost
# Player 2: Player-1, 'RandomPlayer', running on localhost
START Player-0 260872326
START Player-1 RandomPlayer
1 0 TL TR 0
2 2 TL BL 1
1 0 TL TR 0
0 2 TL BL 1
1 0 TL TR 0
1 2 TL TR 1
0 3 BL BR 0
1 4 TR BR 1
0 3 BL BR 0
1 5 TR BR 1
0 3 BL BR 0
2 3 TR BL 1
0 2 BL BR 0
2 1 TL BR 1
1 0 TL TR 0
2 4 TL BL 1
0 2 TL TR 0
3 1 TL TR 1
5 1 BL TR 0
5 3 TR BR 1
0 3 BL BR 0
3 5 TR BL 1
GAMEOVER WINNER 1
# Game ended: Wed Apr 10 17:28:43 EDT 2019
