# Server version 0.08 running on louis-System-Product-Name:8123
# Game ID: 103
# Board class: pentago_swap.PentagoBoard
# Timeout: 2000
# First Move Timeout: 30000
# Date: Sat Apr 06 03:10:50 EDT 2019
# Player 1: Player-0, '260872326', running on localhost
# Player 2: Player-1, 'RandomPlayer', running on localhost
START Player-0 260872326
START Player-1 RandomPlayer
0 1 TL BR 0
0 1 TR BR 1
3 4 TR BR 0
3 2 TL TR 1
3 5 TL TR 0
1 5 BL BR 1
5 1 BL BR 0
3 3 TL BL 1
0 1 TL BR 0
5 4 BL BR 1
0 3 TR BR 0
3 5 TL TR 1
2 2 TL BL 0
1 3 BL BR 1
1 5 BL BR 0
5 3 TR BR 1
1 3 TL TR 0
2 1 TL BR 1
0 3 BL BR 0
4 3 TR BR 1
2 2 TL BR 0
2 0 TL TR 1
1 3 TR BR 0
2 3 TR BR 1
GAMEOVER WINNER 0
# Game ended: Sat Apr 06 03:10:51 EDT 2019
