# Server version 0.08 running on louis-System-Product-Name:8123
# Game ID: 79
# Board class: pentago_swap.PentagoBoard
# Timeout: 2000
# First Move Timeout: 30000
# Date: Fri Apr 05 00:11:22 EDT 2019
# Player 1: Player-0, '260872326', running on localhost
# Player 2: Player-1, 'Human', running on localhost
START Player-0 260872326
START Player-1 Human
4 2 TR BL 0
5 0 BR TR 1
2 5 TR BR 0
3 3 BR BL 1
0 0 TL TR 0
1 4 TR BR 1
2 0 TL BL 0
3 4 TR BR 1
0 1 TL TR 0
4 4 TL TR 1
0 2 TL TR 0
2 1 TL BL 1
0 0 TL TR 0
3 4 BL TR 1
GAMEOVER WINNER 1
# Game ended: Fri Apr 05 00:15:55 EDT 2019
