# Server version 0.08 running on louis-System-Product-Name:8123
# Game ID: 76
# Board class: pentago_swap.PentagoBoard
# Timeout: 2000
# First Move Timeout: 30000
# Date: Wed Apr 03 12:05:54 EDT 2019
# Player 1: Player-0, 'RandomPlayer', running on localhost
# Player 2: Player-1, '260872326', running on localhost
START Player-0 RandomPlayer
START Player-1 260872326
5 2 TR BR 0
3 4 TL BL 1
0 3 TL TR 0
5 1 BL BR 1
4 0 BL BR 0
0 1 TL TR 1
2 0 TL BL 0
0 0 TL TR 1
5 3 BL BR 0
0 2 TL TR 1
2 0 TL TR 0
0 5 BL BR 1
0 4 BL BR 0
1 0 TL TR 1
4 5 TR BR 0
0 3 TR BR 1
2 2 TL BR 0
3 0 TL TR 1
4 5 TR BR 0
1 1 TL TR 1
5 1 TL TR 0
1 2 TL TR 1
4 4 TR BR 0
0 5 TL BR 1
2 2 BL BR 0
0 4 TR BL 1
GAMEOVER WINNER 1
# Game ended: Wed Apr 03 12:06:18 EDT 2019
