# Server version 0.08 running on louis-System-Product-Name:8123
# Game ID: 70
# Board class: pentago_swap.PentagoBoard
# Timeout: 2000
# First Move Timeout: 30000
# Date: Wed Apr 03 12:01:17 EDT 2019
# Player 1: Player-0, 'Human', running on localhost
# Player 2: Player-1, '260872326', running on localhost
START Player-0 Human
START Player-1 260872326
3 3 TR BR 0
3 3 TL BL 1
3 5 TR BR 0
5 1 TL BL 1
3 4 TR BL 0
2 0 TL TR 1
3 1 TL TR 0
3 5 TR BL 1
4 4 TR BR 0
2 5 TR BL 1
5 1 BL TL 0
0 3 TL TR 1
GAMEOVER USER CANCEL UNDECIDED
# Game ended: Wed Apr 03 12:02:42 EDT 2019
