# Server version 0.08 running on louis-System-Product-Name:8123
# Game ID: 207
# Board class: pentago_swap.PentagoBoard
# Timeout: 2000
# First Move Timeout: 30000
# Date: Wed Apr 10 16:30:47 EDT 2019
# Player 1: Player-0, '260872326', running on localhost
# Player 2: Player-1, 'Human', running on localhost
START Player-0 260872326
START Player-1 Human
4 0 TL TR 0
1 1 BL TL 1
4 0 TL TR 0
4 2 BL BR 1
4 0 TL TR 0
3 4 BR TR 1
2 2 TR BR 0
4 2 BL TL 1
2 2 TR BR 0
1 1 TL BL 1
3 0 TL BL 0
2 4 TR TL 1
2 2 TL BR 0
3 3 BR TL 1
2 3 TL BL 0
3 2 BL TL 1
4 4 TL BR 0
2 1 BL TL 1
0 4 TR BR 0
