# Server version 0.08 running on louis-System-Product-Name:8123
# Game ID: 179
# Board class: pentago_swap.PentagoBoard
# Timeout: 2000
# First Move Timeout: 30000
# Date: Wed Apr 10 14:49:56 EDT 2019
# Player 1: Player-0, '260872326', running on localhost
# Player 2: Player-1, 'Human', running on localhost
START Player-0 260872326
START Player-1 Human
4 0 TL TR 0
4 3 TR BR 1
2 2 TR BR 0
4 4 BR TR 1
1 1 TR BR 0
4 5 BR TR 1
3 4 BL BR 0
2 4 BR TR 1
5 0 TR BR 0
0 4 TR BR 1
4 0 TL TR 0
2 4 BR TR 1
3 4 BL BR 0
1 1 TL BL 1
5 2 TL BL 0
0 1 TL BL 1
5 0 TL TR 0
GAMEOVER WINNER 1
# Game ended: Wed Apr 10 14:50:21 EDT 2019
