# Server version 0.08 running on louis-System-Product-Name:8123
# Game ID: 108
# Board class: pentago_swap.PentagoBoard
# Timeout: 2000
# First Move Timeout: 30000
# Date: Sat Apr 06 23:10:23 EDT 2019
# Player 1: Player-0, '260872326', running on localhost
# Player 2: Player-1, 'Human', running on localhost
START Player-0 260872326
START Player-1 Human
1 0 TR BR 0
1 4 BR TR 1
3 3 TR BR 0
2 4 TR BR 1
3 2 TL TR 0
3 4 BR TR 1
1 0 TR BR 0
4 1 BR BL 1
0 1 BL BR 0
3 1 BL BR 1
2 5 TL BL 0
5 4 TR BR 1
1 0 TR BR 0
2 4 BR TR 1
2 0 BL BR 0
4 4 BR TR 1
1 5 TL TR 0
GAMEOVER WINNER 1
# Game ended: Sat Apr 06 23:11:12 EDT 2019
