# Server version 0.08 running on louis-System-Product-Name:8123
# Game ID: 260
# Board class: pentago_swap.PentagoBoard
# Timeout: 2000
# First Move Timeout: 30000
# Date: Wed Apr 10 17:45:39 EDT 2019
# Player 1: Player-0, '260872326', running on localhost
# Player 2: Player-1, 'RandomPlayer', running on localhost
START Player-0 260872326
START Player-1 RandomPlayer
2 5 TL BR 0
0 4 BL BR 1
5 2 BL TR 0
5 3 BL BR 1
5 2 BL TR 0
1 3 TR BL 1
2 1 BL BR 0
1 3 BL BR 1
5 1 BL BR 0
1 2 TR BL 1
2 2 TL BL 0
3 0 BL BR 1
2 4 BL TR 0
3 2 TL TR 1
2 4 BL TR 0
1 2 TL TR 1
2 0 TL TR 0
GAMEOVER WINNER 0
# Game ended: Wed Apr 10 17:45:39 EDT 2019
