# Server version 0.08 running on louis-System-Product-Name:8123
# Game ID: 291
# Board class: pentago_swap.PentagoBoard
# Timeout: 2000
# First Move Timeout: 30000
# Date: Wed Apr 10 18:32:59 EDT 2019
# Player 1: Player-0, '260872326', running on localhost
# Player 2: Player-1, 'Human', running on localhost
START Player-0 260872326
START Player-1 Human
0 4 BL TR 0
0 0 TL TR 1
0 4 BL TR 0
0 0 TL TR 1
0 4 BL TR 0
2 2 TL TR 1
3 4 TL BL 0
5 1 BL BR 1
3 2 TR BR 0
5 0 BR BL 1
3 2 TR BR 0
5 0 BL BR 1
3 2 TR BR 0
5 0 BL BR 1
0 2 TR BR 0
GAMEOVER USER CANCEL UNDECIDED
# Game ended: Wed Apr 10 18:34:03 EDT 2019
