# Server version 0.08 running on louis-System-Product-Name:8123
# Game ID: 242
# Board class: pentago_swap.PentagoBoard
# Timeout: 2000
# First Move Timeout: 30000
# Date: Wed Apr 10 17:39:36 EDT 2019
# Player 1: Player-0, '260872326', running on localhost
# Player 2: Player-1, 'RandomPlayer', running on localhost
START Player-0 260872326
START Player-1 RandomPlayer
2 5 TL BR 0
0 0 TL TR 1
2 5 TL BR 0
1 1 TL BL 1
5 2 BL TR 0
5 1 TL TR 1
2 5 TL BR 0
0 3 TR BR 1
2 4 BL TR 0
3 5 TR BL 1
2 1 TR BR 0
0 1 TR BR 1
2 3 TL BL 0
1 2 TR BL 1
2 3 TR BR 0
GAMEOVER WINNER 0
# Game ended: Wed Apr 10 17:39:36 EDT 2019
