# Server version 0.08 running on louis-System-Product-Name:8123
# Game ID: 97
# Board class: pentago_swap.PentagoBoard
# Timeout: 2000
# First Move Timeout: 30000
# Date: Sat Apr 06 02:19:53 EDT 2019
# Player 1: Player-0, '260872326', running on localhost
# Player 2: Player-1, 'Human', running on localhost
START Player-0 260872326
START Player-1 Human
2 5 TL BR 0
1 1 BL TL 1
3 3 TR BR 0
3 1 TL BL 1
2 5 TL BR 0
5 4 BR BL 1
3 0 TL TR 0
2 1 TL TR 1
0 1 BL BR 0
GAMEOVER USER CANCEL UNDECIDED
# Game ended: Sat Apr 06 02:24:04 EDT 2019
