# Server version 0.08 running on louis-System-Product-Name:8123
# Game ID: 282
# Board class: pentago_swap.PentagoBoard
# Timeout: 2000
# First Move Timeout: 30000
# Date: Wed Apr 10 18:32:05 EDT 2019
# Player 1: Player-0, '260872326', running on localhost
# Player 2: Player-1, 'RandomPlayer', running on localhost
START Player-0 260872326
START Player-1 RandomPlayer
0 4 BL TR 0
3 5 BL BR 1
0 4 BL TR 0
1 3 TL BL 1
0 4 BL TR 0
2 0 BL BR 1
0 4 BL TR 0
5 4 TL TR 1
3 2 TR BR 0
3 0 TR BR 1
0 5 BL TR 0
5 3 TR BL 1
0 2 TR BR 0
4 0 TL TR 1
1 3 TL BR 0
2 3 TL TR 1
1 3 TL BR 0
4 5 TR BR 1
3 3 TL BR 0
2 4 TL BL 1
3 3 TL BR 0
5 4 TL BL 1
0 3 TR BR 0
4 4 TL BL 1
GAMEOVER WINNER 0
# Game ended: Wed Apr 10 18:32:05 EDT 2019
