# Server version 0.08 running on louis-System-Product-Name:8123
# Game ID: 261
# Board class: pentago_swap.PentagoBoard
# Timeout: 2000
# First Move Timeout: 30000
# Date: Wed Apr 10 17:45:43 EDT 2019
# Player 1: Player-0, '260872326', running on localhost
# Player 2: Player-1, 'RandomPlayer', running on localhost
START Player-0 260872326
START Player-1 RandomPlayer
2 5 TL BR 0
3 5 TR BR 1
2 5 TL BR 0
3 1 TR BL 1
2 5 TL BR 0
4 4 BL BR 1
2 2 TL BL 0
1 2 TL BR 1
2 4 BL TR 0
4 0 TL BL 1
2 4 BL TR 0
1 1 TL BR 1
2 4 BL TR 0
2 3 BL BR 1
2 1 TR BR 0
4 2 BL BR 1
2 3 TR BR 0
GAMEOVER DRAW
# Game ended: Wed Apr 10 17:45:43 EDT 2019
