# Server version 0.08 running on louis-System-Product-Name:8123
# Game ID: 269
# Board class: pentago_swap.PentagoBoard
# Timeout: 2000
# First Move Timeout: 30000
# Date: Wed Apr 10 18:03:56 EDT 2019
# Player 1: Player-0, '260872326', running on localhost
# Player 2: Player-1, 'RandomPlayer', running on localhost
START Player-0 260872326
START Player-1 RandomPlayer
0 3 TR BR 0
5 3 TR BR 1
0 0 TL TR 0
2 3 TL BR 1
0 0 TL TR 0
3 4 TL BL 1
0 0 TL TR 0
5 4 TL BL 1
4 3 BL BR 0
5 4 TL BL 1
4 3 BL BR 0
1 2 TL BR 1
1 3 TL BL 0
0 5 TL BR 1
4 0 TL TR 0
1 2 TL TR 1
5 3 TL BL 0
5 2 TR BL 1
5 0 TL BL 0
GAMEOVER WINNER 0
# Game ended: Wed Apr 10 18:03:57 EDT 2019
