# Server version 0.08 running on louis-System-Product-Name:8123
# Game ID: 173
# Board class: pentago_swap.PentagoBoard
# Timeout: 2000
# First Move Timeout: 30000
# Date: Wed Apr 10 13:01:30 EDT 2019
# Player 1: Player-0, '260872326', running on localhost
# Player 2: Player-1, 'Human', running on localhost
START Player-0 260872326
START Player-1 Human
2 0 BL TR 0
0 5 TL TR 1
2 0 BL TR 0
0 1 TL TR 1
2 0 BL TR 0
3 0 BL TL 1
5 3 TL BL 0
2 1 TL BL 1
1 4 TL BR 0
4 4 BR TR 1
1 1 BL TR 0
4 2 BL TL 1
1 4 TL BR 0
4 3 BR TR 1
3 1 BL BR 0
2 4 BR TR 1
3 1 BL BR 0
2 1 BL TL 1
3 1 BL BR 0
2 2 TL BL 1
0 3 TL BL 0
GAMEOVER USER CANCEL UNDECIDED
# Game ended: Wed Apr 10 13:02:22 EDT 2019
