# Server version 0.08 running on louis-System-Product-Name:8123
# Game ID: 213
# Board class: pentago_swap.PentagoBoard
# Timeout: 2000
# First Move Timeout: 30000
# Date: Wed Apr 10 17:06:44 EDT 2019
# Player 1: Player-0, '260872326', running on localhost
# Player 2: Player-1, 'RandomPlayer', running on localhost
START Player-0 260872326
START Player-1 RandomPlayer
4 5 BL BR 0
1 4 TL BR 1
4 5 BL BR 0
3 4 TR BR 1
4 5 BL BR 0
0 3 TL BR 1
4 5 BL BR 0
3 0 TL TR 1
5 0 BL TR 0
5 4 TL BR 1
5 0 BL TR 0
2 2 TL BR 1
4 1 BL BR 0
1 3 BL BR 1
5 3 TR BR 0
1 1 BL BR 1
4 1 BL BR 0
3 5 TL BL 1
0 4 TR BR 0
5 0 TR BR 1
0 1 TL BR 0
5 4 TL BR 1
1 0 TL TR 0
0 5 TL TR 1
3 3 TL TR 0
0 2 TL TR 1
0 3 TL TR 0
5 2 BL BR 1
GAMEOVER WINNER 1
# Game ended: Wed Apr 10 17:06:44 EDT 2019
