# Server version 0.08 running on louis-System-Product-Name:8123
# Game ID: 222
# Board class: pentago_swap.PentagoBoard
# Timeout: 2000
# First Move Timeout: 30000
# Date: Wed Apr 10 17:27:16 EDT 2019
# Player 1: Player-0, '260872326', running on localhost
# Player 2: Player-1, 'Human', running on localhost
START Player-0 260872326
START Player-1 Human
1 0 TL TR 0
1 1 TL TR 1
0 3 BL BR 0
2 4 TR BR 1
0 3 BL BR 0
5 3 BR BL 1
0 2 BL BR 0
4 3 BR BL 1
1 3 TL TR 0
5 3 BR BL 1
0 3 BL BR 0
5 5 BR BL 1
0 2 BL BR 0
4 5 BR BL 1
3 2 TL BL 0
4 5 BR BL 1
1 0 TL TR 0
5 1 BL BR 1
3 5 TL TR 0
5 2 BL BR 1
5 3 BL TR 0
GAMEOVER WINNER 1
# Game ended: Wed Apr 10 17:27:36 EDT 2019
