# Server version 0.08 running on louis-System-Product-Name:8123
# Game ID: 286
# Board class: pentago_swap.PentagoBoard
# Timeout: 2000
# First Move Timeout: 30000
# Date: Wed Apr 10 18:32:28 EDT 2019
# Player 1: Player-0, '260872326', running on localhost
# Player 2: Player-1, 'RandomPlayer', running on localhost
START Player-0 260872326
START Player-1 RandomPlayer
0 4 BL TR 0
2 0 TR BR 1
0 4 BL TR 0
3 3 BL BR 1
0 1 BL BR 0
5 2 TL BR 1
0 1 BL BR 0
1 4 TL TR 1
3 2 TR BR 0
5 4 TL BR 1
0 5 BL TR 0
1 1 BL BR 1
3 2 TR BR 0
3 3 TL BR 1
3 5 BL BR 0
5 5 TR BL 1
1 0 BL TR 0
4 5 TL BL 1
1 0 BL TR 0
4 3 TR BR 1
4 0 TR BR 0
1 5 TR BR 1
0 3 TR BR 0
GAMEOVER WINNER 0
# Game ended: Wed Apr 10 18:32:29 EDT 2019
