# Server version 0.08 running on louis-System-Product-Name:8123
# Game ID: 72
# Board class: pentago_swap.PentagoBoard
# Timeout: 2000
# First Move Timeout: 30000
# Date: Wed Apr 03 12:03:07 EDT 2019
# Player 1: Player-0, 'RandomPlayer', running on localhost
# Player 2: Player-1, '260872326', running on localhost
START Player-0 RandomPlayer
START Player-1 260872326
5 2 TR BR 0
3 3 TL BR 1
0 4 TL TR 0
0 5 TL BL 1
4 1 BL BR 0
0 0 TL BL 1
2 0 TL BL 0
0 1 TL TR 1
5 3 BL BR 0
0 1 BL BR 1
GAMEOVER WINNER 1
# Game ended: Wed Apr 03 12:03:12 EDT 2019
