# Server version 0.08 running on louis-System-Product-Name:8123
# Game ID: 289
# Board class: pentago_swap.PentagoBoard
# Timeout: 2000
# First Move Timeout: 30000
# Date: Wed Apr 10 18:32:46 EDT 2019
# Player 1: Player-0, '260872326', running on localhost
# Player 2: Player-1, 'RandomPlayer', running on localhost
START Player-0 260872326
START Player-1 RandomPlayer
0 4 BL TR 0
5 3 BL BR 1
0 4 BL TR 0
5 0 TR BR 1
3 4 TL BL 0
5 1 TL BR 1
3 1 TL BL 0
1 4 TL TR 1
3 2 TR BR 0
5 5 TL BL 1
3 2 TR BR 0
3 3 TL BR 1
0 5 BL TR 0
4 5 TR BR 1
0 2 TR BR 0
4 1 TL TR 1
1 0 BL TR 0
4 3 TL BR 1
1 3 TL BR 0
5 2 TR BR 1
4 0 TL BR 0
4 2 BL BR 1
0 3 TR BR 0
GAMEOVER WINNER 0
# Game ended: Wed Apr 10 18:32:47 EDT 2019
