# Server version 0.08 running on louis-System-Product-Name:8123
# Game ID: 226
# Board class: pentago_swap.PentagoBoard
# Timeout: 2000
# First Move Timeout: 30000
# Date: Wed Apr 10 17:28:08 EDT 2019
# Player 1: Player-0, '260872326', running on localhost
# Player 2: Player-1, 'RandomPlayer', running on localhost
START Player-0 260872326
START Player-1 RandomPlayer
1 0 TL TR 0
5 4 TR BL 1
1 0 TL TR 0
4 2 TL BL 1
0 3 BL BR 0
0 4 TL TR 1
0 3 BL BR 0
0 4 BL BR 1
0 2 BL BR 0
1 2 TL TR 1
0 2 BL BR 0
5 5 TL BL 1
1 0 TL TR 0
1 5 BL BR 1
2 3 TR BR 0
5 5 BL BR 1
4 3 BL BR 0
3 2 TR BR 1
0 3 BL BR 0
3 3 TL BR 1
GAMEOVER WINNER 0
# Game ended: Wed Apr 10 17:28:08 EDT 2019
