# Server version 0.08 running on louis-System-Product-Name:8123
# Game ID: 112
# Board class: pentago_swap.PentagoBoard
# Timeout: 2000
# First Move Timeout: 30000
# Date: Sat Apr 06 23:12:03 EDT 2019
# Player 1: Player-0, 'RandomPlayer', running on localhost
# Player 2: Player-1, '260872326', running on localhost
START Player-0 RandomPlayer
START Player-1 260872326
5 2 TR BR 0
1 0 TR BR 1
0 3 TL TR 0
1 0 TR BR 1
3 5 BL BR 0
2 3 TR BR 1
2 0 TL BL 0
1 1 TL TR 1
5 2 BL BR 0
1 0 TR BR 1
1 5 TL TR 0
2 4 BL BR 1
0 1 BL BR 0
4 1 TL BL 1
5 1 TR BR 0
1 0 TR BR 1
0 5 TL BR 0
4 1 BL BR 1
4 2 TR BR 0
5 3 TL TR 1
4 5 TL TR 0
GAMEOVER WINNER 0
# Game ended: Sat Apr 06 23:12:04 EDT 2019
