# Server version 0.08 running on louis-System-Product-Name:8123
# Game ID: 227
# Board class: pentago_swap.PentagoBoard
# Timeout: 2000
# First Move Timeout: 30000
# Date: Wed Apr 10 17:28:13 EDT 2019
# Player 1: Player-0, '260872326', running on localhost
# Player 2: Player-1, 'RandomPlayer', running on localhost
START Player-0 260872326
START Player-1 RandomPlayer
1 0 TL TR 0
0 2 TL BR 1
1 0 TL TR 0
3 0 TL BR 1
1 0 TL TR 0
2 0 TR BR 1
0 3 BL BR 0
0 4 TR BL 1
0 3 BL BR 0
4 1 BL BR 1
0 2 BL BR 0
2 5 BL BR 1
5 4 TL BR 0
3 2 BL BR 1
0 2 BL BR 0
1 5 TR BR 1
1 0 TL TR 0
2 3 TL BL 1
5 4 TL BR 0
0 1 BL BR 1
5 1 BL TR 0
5 2 TL TR 1
5 5 TR BR 0
GAMEOVER WINNER 0
# Game ended: Wed Apr 10 17:28:14 EDT 2019
