# Server version 0.08 running on louis-System-Product-Name:8123
# Game ID: 296
# Board class: pentago_swap.PentagoBoard
# Timeout: 2000
# First Move Timeout: 30000
# Date: Wed Apr 10 18:39:06 EDT 2019
# Player 1: Player-0, '260872326', running on localhost
# Player 2: Player-1, 'Human', running on localhost
START Player-0 260872326
START Player-1 Human
0 4 BL TR 0
4 1 BR BL 1
0 4 BL TR 0
4 1 BR BL 1
0 4 BL TR 0
1 1 TL TR 1
0 4 BL TR 0
5 1 BL BR 1
3 2 TR BR 0
4 4 BR BL 1
3 2 TR BR 0
5 1 BL BR 1
3 2 TR BR 0
5 4 BR BL 1
0 2 TR BR 0
5 2 BL BR 1
1 0 BL TR 0
5 2 BL BR 1
1 3 TL BR 0
5 3 BR BL 1
1 0 BL TR 0
5 2 BL BR 1
4 0 TL BR 0
4 5 BR BL 1
3 3 TL BR 0
4 5 BR BL 1
3 3 TL BR 0
GAMEOVER WINNER 0
# Game ended: Wed Apr 10 18:40:15 EDT 2019
