# Server version 0.08 running on louis-System-Product-Name:8123
# Game ID: 214
# Board class: pentago_swap.PentagoBoard
# Timeout: 2000
# First Move Timeout: 30000
# Date: Wed Apr 10 17:06:55 EDT 2019
# Player 1: Player-0, '260872326', running on localhost
# Player 2: Player-1, 'RandomPlayer', running on localhost
START Player-0 260872326
START Player-1 RandomPlayer
4 5 BL BR 0
5 4 TR BL 1
4 5 BL BR 0
1 0 TR BL 1
4 5 BL BR 0
0 1 TL BR 1
4 5 BL BR 0
5 4 TR BL 1
5 0 BL TR 0
1 3 TL TR 1
5 0 BL TR 0
3 1 TL TR 1
5 0 BL TR 0
3 2 BL BR 1
5 0 BL TR 0
0 0 TR BR 1
4 1 BL BR 0
1 4 BL BR 1
1 1 TL BL 0
3 4 TR BL 1
3 1 TL BL 0
0 5 TR BL 1
4 4 TL BR 0
0 3 TR BL 1
1 0 TL TR 0
GAMEOVER WINNER 0
# Game ended: Wed Apr 10 17:06:55 EDT 2019
