# Server version 0.08 running on louis-System-Product-Name:8123
# Game ID: 307
# Board class: pentago_swap.PentagoBoard
# Timeout: 2000
# First Move Timeout: 30000
# Date: Wed Apr 10 19:03:26 EDT 2019
# Player 1: Player-0, '260872326', running on localhost
# Player 2: Player-1, 'RandomPlayer', running on localhost
START Player-0 260872326
START Player-1 RandomPlayer
1 5 TL BR 0
2 4 TL BR 1
4 5 BL TR 0
3 5 TR BL 1
4 2 TR BR 0
0 2 TL TR 1
1 5 TL BR 0
0 2 TR BL 1
0 5 TL TR 0
0 3 TL BR 1
2 5 BL BR 0
2 0 TR BR 1
2 5 BL BR 0
1 3 TR BR 1
2 5 BL BR 0
1 3 TL TR 1
2 5 BL BR 0
5 3 TL TR 1
3 4 TL BL 0
4 1 TL TR 1
3 3 TL BL 0
GAMEOVER WINNER 0
# Game ended: Wed Apr 10 19:03:26 EDT 2019
