# Server version 0.08 running on louis-System-Product-Name:8123
# Game ID: 206
# Board class: pentago_swap.PentagoBoard
# Timeout: 2000
# First Move Timeout: 30000
# Date: Wed Apr 10 16:22:27 EDT 2019
# Player 1: Player-0, '260872326', running on localhost
# Player 2: Player-1, 'Human', running on localhost
START Player-0 260872326
START Player-1 Human
4 0 TL TR 0
1 0 BL TL 1
2 2 TR BR 0
4 1 BL BR 1
4 0 TL TR 0
0 3 TL TR 1
3 0 TL BL 0
4 5 BR TR 1
1 1 TR BR 0
4 2 TR TL 1
4 1 TL BR 0
GAMEOVER USER CANCEL UNDECIDED
# Game ended: Wed Apr 10 16:30:17 EDT 2019
