# Server version 0.08 running on louis-System-Product-Name:8123
# Game ID: 166
# Board class: pentago_swap.PentagoBoard
# Timeout: 2000
# First Move Timeout: 30000
# Date: Wed Apr 10 12:36:19 EDT 2019
# Player 1: Player-0, '260872326', running on localhost
# Player 2: Player-1, 'Human', running on localhost
START Player-0 260872326
START Player-1 Human
2 0 BL TR 0
5 3 TL BR 1
2 3 BL BR 0
3 4 BR BL 1
5 0 BL BR 0
4 2 BL TL 1
1 4 TL BR 0
4 3 BR TR 1
1 4 BL BR 0
4 2 TR BR 1
1 4 TL BR 0
4 3 BL TL 1
3 1 BL BR 0
0 1 TR BL 1
1 4 TL BR 0
GAMEOVER USER CANCEL UNDECIDED
# Game ended: Wed Apr 10 12:51:05 EDT 2019
