# Server version 0.08 running on louis-System-Product-Name:8123
# Game ID: 136
# Board class: pentago_swap.PentagoBoard
# Timeout: 2000
# First Move Timeout: 30000
# Date: Sun Apr 07 20:24:04 EDT 2019
# Player 1: Player-0, '260872326', running on localhost
# Player 2: Player-1, 'RandomPlayer', running on localhost
START Player-0 260872326
START Player-1 RandomPlayer
0 4 BL BR 0
3 0 TL TR 1
0 2 TL BR 0
2 2 TR BL 1
0 2 TL BR 0
4 4 TR BL 1
4 0 BL BR 0
3 4 TL TR 1
0 2 TL BR 0
5 0 TL BR 1
1 0 TR BR 0
1 1 TR BR 1
3 1 TL BL 0
3 5 BL BR 1
5 1 TR BL 0
2 1 TL TR 1
5 1 BL BR 0
0 3 TR BR 1
1 4 TL TR 0
2 5 TL BL 1
4 0 TL BR 0
5 0 TR BR 1
4 5 TL BL 0
GAMEOVER WINNER 0
# Game ended: Sun Apr 07 20:24:05 EDT 2019
