# Server version 0.08 running on louis-System-Product-Name:8123
# Game ID: 263
# Board class: pentago_swap.PentagoBoard
# Timeout: 2000
# First Move Timeout: 30000
# Date: Wed Apr 10 17:45:57 EDT 2019
# Player 1: Player-0, 'RandomPlayer', running on localhost
# Player 2: Player-1, '260872326', running on localhost
START Player-0 RandomPlayer
START Player-1 260872326
4 3 BL BR 0
2 5 TL BR 1
1 0 TL TR 0
2 5 TL BR 1
0 3 TL TR 0
2 5 TL BR 1
2 3 TL BR 0
5 2 BL TR 1
5 4 TR BL 0
2 4 BL TR 1
1 2 TL BR 0
2 4 BL TR 1
3 2 BL BR 0
5 1 TL BR 1
3 4 TL BR 0
4 4 BL TR 1
4 2 BL BR 0
2 3 TR BR 1
GAMEOVER WINNER 1
# Game ended: Wed Apr 10 17:45:57 EDT 2019
