# Server version 0.08 running on louis-System-Product-Name:8123
# Game ID: 272
# Board class: pentago_swap.PentagoBoard
# Timeout: 2000
# First Move Timeout: 30000
# Date: Wed Apr 10 18:05:07 EDT 2019
# Player 1: Player-0, '260872326', running on localhost
# Player 2: Player-1, 'RandomPlayer', running on localhost
START Player-0 260872326
START Player-1 RandomPlayer
0 3 TR BR 0
2 5 BL BR 1
0 3 TR BR 0
1 5 BL BR 1
0 3 TR BR 0
0 4 TL TR 1
0 3 TR BR 0
1 3 TR BL 1
4 3 BL BR 0
4 2 TL BL 1
4 0 TL TR 0
2 1 TL TR 1
5 3 TL BL 0
5 4 TR BL 1
4 0 TL TR 0
4 1 TL BR 1
5 3 TL BL 0
3 1 TR BR 1
GAMEOVER WINNER 0
# Game ended: Wed Apr 10 18:05:08 EDT 2019
