# Server version 0.08 running on louis-System-Product-Name:8123
# Game ID: 234
# Board class: pentago_swap.PentagoBoard
# Timeout: 2000
# First Move Timeout: 30000
# Date: Wed Apr 10 17:34:54 EDT 2019
# Player 1: Player-0, '260872326', running on localhost
# Player 2: Player-1, 'Human', running on localhost
START Player-0 260872326
START Player-1 Human
2 5 TL BR 0
1 4 TR BR 1
2 5 TL BR 0
1 2 TL BL 1
5 5 TL BR 0
4 0 BL TL 1
5 5 TL BR 0
3 4 TR BR 1
2 4 BL TR 0
3 3 BR TR 1
2 4 BL TR 0
1 2 TL TR 1
2 4 BL TR 0
1 3 TR TL 1
2 3 TR BR 0
GAMEOVER WINNER 0
# Game ended: Wed Apr 10 17:35:19 EDT 2019
