# Server version 0.08 running on louis-System-Product-Name:8123
# Game ID: 139
# Board class: pentago_swap.PentagoBoard
# Timeout: 2000
# First Move Timeout: 30000
# Date: Tue Apr 09 23:49:19 EDT 2019
# Player 1: Player-0, 'Human', running on localhost
# Player 2: Player-1, 'Human', running on localhost
START Player-0 Human
START Player-1 Human
1 1 TL TR 0
4 3 BR BL 1
2 4 TR TL 0
3 4 BL BR 1
0 4 BL TR 0
2 2 TR TL 1
3 3 TL TR 0
1 2 TR TL 1
4 2 TR TL 0
5 1 BL BR 1
2 0 TL TR 0
3 1 TR TL 1
0 1 TR TL 0
1 0 TL TR 1
GAMEOVER WINNER 1
# Game ended: Wed Apr 10 02:51:56 EDT 2019
