# Server version 0.08 running on louis-System-Product-Name:8123
# Game ID: 68
# Board class: pentago_swap.PentagoBoard
# Timeout: 2000
# First Move Timeout: 30000
# Date: Wed Apr 03 11:58:39 EDT 2019
# Player 1: Player-0, 'Human', running on localhost
# Player 2: Player-1, '260872326', running on localhost
START Player-0 Human
START Player-1 260872326
1 1 TL TR 0
1 5 BL BR 1
1 3 TR BR 0
0 2 TL BR 1
4 2 TL BR 0
3 2 TR BL 1
4 2 BL TL 0
5 2 TR BR 1
1 1 TL BL 0
0 0 TL TR 1
4 0 TL BR 0
GAMEOVER WINNER 0
# Game ended: Wed Apr 03 11:59:40 EDT 2019
