# Server version 0.08 running on louis-System-Product-Name:8123
# Game ID: 186
# Board class: pentago_swap.PentagoBoard
# Timeout: 2000
# First Move Timeout: 30000
# Date: Wed Apr 10 15:12:36 EDT 2019
# Player 1: Player-0, '260872326', running on localhost
# Player 2: Player-1, 'Human', running on localhost
START Player-0 260872326
START Player-1 Human
4 0 TL TR 0
4 3 BR TR 1
2 2 TR BR 0
3 3 TR BR 1
3 4 TL BL 0
2 5 TR TL 1
4 0 TL TR 0
2 3 TR TL 1
1 4 BL TR 0
2 4 TR BR 1
5 0 TL TR 0
2 4 TR BR 1
2 0 TL TR 0
2 4 BR BL 1
4 1 TL BR 0
GAMEOVER USER CANCEL UNDECIDED
# Game ended: Wed Apr 10 15:15:48 EDT 2019
