# Server version 0.08 running on louis-System-Product-Name:8123
# Game ID: 75
# Board class: pentago_swap.PentagoBoard
# Timeout: 2000
# First Move Timeout: 30000
# Date: Wed Apr 03 12:05:33 EDT 2019
# Player 1: Player-0, '260872326', running on localhost
# Player 2: Player-1, 'RandomPlayer', running on localhost
START Player-0 260872326
START Player-1 RandomPlayer
5 1 TR BL 0
0 1 TR BR 1
4 1 TR BL 0
3 2 TL TR 1
5 3 TL BR 0
1 4 BL BR 1
0 0 TL TR 0
3 4 TL BL 1
0 0 TL BL 0
5 4 BL BR 1
0 0 TL TR 0
3 5 TL TR 1
0 2 BL BR 0
1 3 BL BR 1
0 4 TL TR 0
5 3 TR BR 1
1 1 TR BR 0
2 3 TL BR 1
0 1 TL BR 0
4 3 TR BR 1
0 2 TR BL 0
GAMEOVER WINNER 0
# Game ended: Wed Apr 03 12:05:53 EDT 2019
