# Server version 0.08 running on louis-System-Product-Name:8123
# Game ID: 163
# Board class: pentago_swap.PentagoBoard
# Timeout: 2000
# First Move Timeout: 30000
# Date: Wed Apr 10 12:24:02 EDT 2019
# Player 1: Player-0, '260872326', running on localhost
# Player 2: Player-1, 'Human', running on localhost
START Player-0 260872326
START Player-1 Human
2 0 BL TR 0
5 3 BR TL 1
2 3 BL BR 0
1 1 TL BR 1
2 0 BL TR 0
3 5 BR TL 1
1 4 TL BR 0
3 2 TL BR 1
3 1 BL BR 0
GAMEOVER USER CANCEL UNDECIDED
# Game ended: Wed Apr 10 12:25:57 EDT 2019
