# Server version 0.08 running on louis-System-Product-Name:8123
# Game ID: 212
# Board class: pentago_swap.PentagoBoard
# Timeout: 2000
# First Move Timeout: 30000
# Date: Wed Apr 10 17:05:09 EDT 2019
# Player 1: Player-0, '260872326', running on localhost
# Player 2: Player-1, 'Human', running on localhost
START Player-0 260872326
START Player-1 Human
4 5 BL BR 0
4 4 BR TR 1
4 5 BL BR 0
2 4 TR BR 1
4 5 BL BR 0
3 4 TR BR 1
5 0 BL TR 0
0 4 TR BR 1
5 0 BL TR 0
3 5 BR TR 1
5 0 BL TR 0
3 0 BL TL 1
5 0 BL TR 0
2 2 BL TL 1
1 1 TL BL 0
1 0 TL BL 1
1 4 TL BR 0
2 1 TL BL 1
4 1 BL BR 0
1 3 TR BL 1
3 1 TL BL 0
2 1 TL TR 1
1 0 TL TR 0
2 2 TL BL 1
4 2 BL BR 0
3 0 BL TL 1
GAMEOVER WINNER 0
# Game ended: Wed Apr 10 17:05:59 EDT 2019
