# Server version 0.08 running on louis-System-Product-Name:8123
# Game ID: 127
# Board class: pentago_swap.PentagoBoard
# Timeout: 2000
# First Move Timeout: 30000
# Date: Sun Apr 07 20:18:13 EDT 2019
# Player 1: Player-0, '260872326', running on localhost
# Player 2: Player-1, 'RandomPlayer', running on localhost
START Player-0 260872326
START Player-1 RandomPlayer
0 4 BL BR 0
0 0 TL BR 1
0 2 TL BR 0
5 4 TR BL 1
0 2 TL BR 0
0 3 TL BL 1
0 2 TL BR 0
2 1 TL TR 1
0 4 TL TR 0
2 2 BL BR 1
0 5 TL BL 0
2 3 BL BR 1
1 3 TL BR 0
3 0 TL BR 1
4 5 TL BR 0
2 4 TL TR 1
4 0 TL BR 0
2 3 TR BL 1
GAMEOVER WINNER 1
# Game ended: Sun Apr 07 20:18:14 EDT 2019
