# Server version 0.08 running on louis-System-Product-Name:8123
# Game ID: 125
# Board class: pentago_swap.PentagoBoard
# Timeout: 2000
# First Move Timeout: 30000
# Date: Sun Apr 07 20:18:03 EDT 2019
# Player 1: Player-0, '260872326', running on localhost
# Player 2: Player-1, 'RandomPlayer', running on localhost
START Player-0 260872326
START Player-1 RandomPlayer
0 4 BL BR 0
3 3 BL BR 1
0 2 TL BR 0
5 5 TR BR 1
0 2 TL BR 0
1 2 TR BR 1
0 2 TL BR 0
2 5 BL BR 1
0 3 TL BR 0
4 1 TL BL 1
1 5 BL BR 0
4 5 TL TR 1
3 1 TR BR 0
4 2 TR BL 1
1 1 TL TR 0
5 2 TL BR 1
1 0 BL BR 0
3 0 TL TR 1
0 3 TL TR 0
2 0 TL BR 1
GAMEOVER WINNER 0
# Game ended: Sun Apr 07 20:18:03 EDT 2019
