# Server version 0.08 running on louis-System-Product-Name:8123
# Game ID: 240
# Board class: pentago_swap.PentagoBoard
# Timeout: 2000
# First Move Timeout: 30000
# Date: Wed Apr 10 17:39:05 EDT 2019
# Player 1: Player-0, '260872326', running on localhost
# Player 2: Player-1, 'RandomPlayer', running on localhost
START Player-0 260872326
START Player-1 RandomPlayer
2 5 TL BR 0
3 2 TR BL 1
2 5 TL BR 0
5 5 TR BR 1
2 2 TL BL 0
1 3 BL BR 1
2 4 BL TR 0
1 5 TL TR 1
2 1 TL TR 0
4 4 TL BL 1
5 1 TL BL 0
1 4 TL TR 1
5 0 TL BL 0
1 3 TR BL 1
2 3 TR BR 0
GAMEOVER WINNER 0
# Game ended: Wed Apr 10 17:39:06 EDT 2019
