# Server version 0.08 running on louis-System-Product-Name:8123
# Game ID: 178
# Board class: pentago_swap.PentagoBoard
# Timeout: 2000
# First Move Timeout: 30000
# Date: Wed Apr 10 14:06:29 EDT 2019
# Player 1: Player-0, 'RandomPlayer', running on localhost
# Player 2: Player-1, 'Human', running on localhost
START Player-0 RandomPlayer
START Player-1 Human
2 3 BL BR 0
4 4 TR BR 1
5 2 BL BR 0
2 4 BR TR 1
0 3 TR BR 0
2 5 TR BR 1
4 5 BL BR 0
3 1 BL TL 1
0 0 TL BL 0
1 4 TR BR 1
1 5 TL BL 0
GAMEOVER USER CANCEL UNDECIDED
# Game ended: Wed Apr 10 14:49:48 EDT 2019
