# Server version 0.08 running on louis-System-Product-Name:8123
# Game ID: 273
# Board class: pentago_swap.PentagoBoard
# Timeout: 2000
# First Move Timeout: 30000
# Date: Wed Apr 10 18:05:20 EDT 2019
# Player 1: Player-0, '260872326', running on localhost
# Player 2: Player-1, 'Human', running on localhost
START Player-0 260872326
START Player-1 Human
0 3 TR BR 0
3 4 BR BL 1
0 3 TR BR 0
3 2 BL BR 1
0 3 TR BR 0
3 4 BR BL 1
5 0 TL BL 0
3 4 BR BL 1
3 3 BL BR 0
3 5 BR BL 1
4 3 BL BR 0
4 5 BR BL 1
4 0 BL TR 0
4 4 BR BL 1
4 3 BL BR 0
4 5 BR BL 1
5 3 TL BL 0
4 4 BR BL 1
4 3 BL BR 0
4 5 BR BL 1
2 3 TL BL 0
GAMEOVER WINNER 0
# Game ended: Wed Apr 10 18:05:48 EDT 2019
