# Server version 0.08 running on louis-System-Product-Name:8123
# Game ID: 299
# Board class: pentago_swap.PentagoBoard
# Timeout: 2000
# First Move Timeout: 30000
# Date: Wed Apr 10 18:58:31 EDT 2019
# Player 1: Player-0, '260872326', running on localhost
# Player 2: Player-1, 'RandomPlayer', running on localhost
START Player-0 260872326
START Player-1 RandomPlayer
1 5 TL BR 0
0 0 BL BR 1
4 5 BL TR 0
1 1 TL TR 1
1 5 TL BR 0
3 3 TR BR 1
1 5 TL BR 0
1 4 TR BR 1
0 2 TL BL 0
2 5 TL BL 1
3 5 TL TR 0
0 0 TR BR 1
0 2 TL BL 0
3 4 TR BR 1
0 2 TL BL 0
4 3 TR BR 1
2 5 BL BR 0
GAMEOVER WINNER 0
# Game ended: Wed Apr 10 18:58:32 EDT 2019
