# Server version 0.08 running on louis-System-Product-Name:8123
# Game ID: 267
# Board class: pentago_swap.PentagoBoard
# Timeout: 2000
# First Move Timeout: 30000
# Date: Wed Apr 10 18:03:18 EDT 2019
# Player 1: Player-0, '260872326', running on localhost
# Player 2: Player-1, 'Human', running on localhost
START Player-0 260872326
START Player-1 Human
0 3 TR BR 0
0 1 TL TR 1
0 3 TR BR 0
5 4 BR TR 1
0 0 TL TR 0
5 1 BL BR 1
4 3 BL BR 0
5 2 BL BR 1
3 3 TR BR 0
3 4 BR TR 1
4 0 TL TR 0
4 5 BR TR 1
4 3 BL BR 0
3 4 BR TR 1
5 3 TR BR 0
GAMEOVER WINNER 0
# Game ended: Wed Apr 10 18:03:37 EDT 2019
