# Server version 0.08 running on louis-System-Product-Name:8123
# Game ID: 306
# Board class: pentago_swap.PentagoBoard
# Timeout: 2000
# First Move Timeout: 30000
# Date: Wed Apr 10 19:03:16 EDT 2019
# Player 1: Player-0, '260872326', running on localhost
# Player 2: Player-1, 'RandomPlayer', running on localhost
START Player-0 260872326
START Player-1 RandomPlayer
1 5 TL BR 0
0 5 TL BL 1
4 5 BL TR 0
3 3 TL TR 1
1 5 TL BR 0
3 3 TR BR 1
1 5 TL BR 0
2 4 BL BR 1
0 2 TL BL 0
5 3 TL BL 1
3 2 TL TR 0
2 4 TL TR 1
0 5 TL TR 0
5 2 TR BR 1
2 5 BL BR 0
3 4 TR BL 1
2 5 BL BR 0
4 4 TR BR 1
GAMEOVER WINNER 0
# Game ended: Wed Apr 10 19:03:16 EDT 2019
