# Server version 0.08 running on louis-System-Product-Name:8123
# Game ID: 170
# Board class: pentago_swap.PentagoBoard
# Timeout: 2000
# First Move Timeout: 30000
# Date: Wed Apr 10 12:54:58 EDT 2019
# Player 1: Player-0, '260872326', running on localhost
# Player 2: Player-1, 'Human', running on localhost
START Player-0 260872326
START Player-1 Human
2 0 BL TR 0
3 1 BL BR 1
2 3 BL BR 0
4 1 BL BR 1
5 0 BL BR 0
3 2 BL BR 1
5 3 TL BL 0
3 3 TL BR 1
1 4 TL BR 0
GAMEOVER USER CANCEL UNDECIDED
# Game ended: Wed Apr 10 12:59:00 EDT 2019
