# Server version 0.08 running on louis-System-Product-Name:8123
# Game ID: 288
# Board class: pentago_swap.PentagoBoard
# Timeout: 2000
# First Move Timeout: 30000
# Date: Wed Apr 10 18:32:38 EDT 2019
# Player 1: Player-0, '260872326', running on localhost
# Player 2: Player-1, 'RandomPlayer', running on localhost
START Player-0 260872326
START Player-1 RandomPlayer
0 4 BL TR 0
5 0 TL BR 1
0 4 BL TR 0
5 0 TL BL 1
3 4 TL BL 0
3 2 TR BL 1
0 1 TL BL 0
1 0 TL TR 1
3 2 TR BR 0
0 5 BL BR 1
3 2 TR BR 0
5 4 TL BL 1
1 3 TL BR 0
0 0 TR BR 1
1 0 BL TR 0
3 3 TL TR 1
1 0 BL TR 0
0 3 TL BR 1
3 3 TL BR 0
1 5 TR BL 1
1 2 BL TR 0
5 3 TL BL 1
1 2 BL TR 0
2 5 TL BR 1
1 2 BL TR 0
2 1 TR BR 1
1 1 TL TR 0
5 4 BL BR 1
1 1 TL TR 0
GAMEOVER WINNER 0
# Game ended: Wed Apr 10 18:32:39 EDT 2019
