# Server version 0.08 running on louis-System-Product-Name:8123
# Game ID: 283
# Board class: pentago_swap.PentagoBoard
# Timeout: 2000
# First Move Timeout: 30000
# Date: Wed Apr 10 18:32:11 EDT 2019
# Player 1: Player-0, '260872326', running on localhost
# Player 2: Player-1, 'RandomPlayer', running on localhost
START Player-0 260872326
START Player-1 RandomPlayer
0 4 BL TR 0
5 3 TR BL 1
3 4 TL BL 0
4 2 TL BR 1
3 4 TL BL 0
1 1 TL BL 1
3 1 TL BL 0
2 0 TL BR 1
3 2 TL BR 0
0 2 TR BL 1
3 2 TR BR 0
2 4 BL BR 1
0 5 BL TR 0
2 5 TL BR 1
1 0 BL TR 0
2 5 TL BR 1
1 0 BL TR 0
4 4 TR BR 1
4 3 TL BR 0
2 3 BL BR 1
GAMEOVER WINNER 1
# Game ended: Wed Apr 10 18:32:11 EDT 2019
