# Server version 0.08 running on louis-System-Product-Name:8123
# Game ID: 305
# Board class: pentago_swap.PentagoBoard
# Timeout: 2000
# First Move Timeout: 30000
# Date: Wed Apr 10 19:03:10 EDT 2019
# Player 1: Player-0, '260872326', running on localhost
# Player 2: Player-1, 'RandomPlayer', running on localhost
START Player-0 260872326
START Player-1 RandomPlayer
1 5 TL BR 0
5 4 TL TR 1
1 5 TL BR 0
1 0 TR BR 1
4 2 TR BR 0
5 2 TL BL 1
4 2 TR BR 0
2 1 TL BR 1
0 2 TL BL 0
1 4 BL BR 1
0 2 TL BL 0
0 5 TL BL 1
3 2 TL TR 0
0 0 TR BL 1
2 2 BL BR 0
3 4 TL BL 1
2 2 BL BR 0
GAMEOVER WINNER 0
# Game ended: Wed Apr 10 19:03:10 EDT 2019
