# Server version 0.08 running on louis-System-Product-Name:8123
# Game ID: 184
# Board class: pentago_swap.PentagoBoard
# Timeout: 2000
# First Move Timeout: 30000
# Date: Wed Apr 10 14:58:14 EDT 2019
# Player 1: Player-0, '260872326', running on localhost
# Player 2: Player-1, 'Human', running on localhost
START Player-0 260872326
START Player-1 Human
4 0 TL TR 0
1 2 TL TR 1
2 2 TR BR 0
3 5 BR BL 1
4 0 TL TR 0
5 2 BL BR 1
1 2 TL TR 0
4 4 BR BL 1
1 0 BL TR 0
4 0 BL BR 1
5 1 BL BR 0
0 1 TL BR 1
0 4 TR BR 0
GAMEOVER USER CANCEL UNDECIDED
# Game ended: Wed Apr 10 15:10:21 EDT 2019
