# Server version 0.08 running on louis-System-Product-Name:8123
# Game ID: 182
# Board class: pentago_swap.PentagoBoard
# Timeout: 2000
# First Move Timeout: 30000
# Date: Wed Apr 10 14:51:30 EDT 2019
# Player 1: Player-0, '260872326', running on localhost
# Player 2: Player-1, 'Human', running on localhost
START Player-0 260872326
START Player-1 Human
4 0 TL TR 0
1 2 TR TL 1
2 2 TR BR 0
4 4 BR TR 1
1 1 TR BR 0
1 2 TR BR 1
3 4 BL BR 0
2 3 BR TR 1
5 0 TR BR 0
3 5 TR BR 1
4 0 TL TR 0
2 4 BR TR 1
2 2 TR BR 0
2 3 BR TR 1
4 1 TL BR 0
2 4 BR TR 1
0 4 TL BL 0
GAMEOVER USER CANCEL UNDECIDED
# Game ended: Wed Apr 10 14:56:27 EDT 2019
