# Server version 0.08 running on louis-System-Product-Name:8123
# Game ID: 208
# Board class: pentago_swap.PentagoBoard
# Timeout: 2000
# First Move Timeout: 30000
# Date: Wed Apr 10 16:42:06 EDT 2019
# Player 1: Player-0, '260872326', running on localhost
# Player 2: Player-1, 'Human', running on localhost
START Player-0 260872326
START Player-1 Human
4 0 TL TR 0
4 2 BL TL 1
4 0 TL TR 0
1 4 TR BR 1
1 2 TL TR 0
3 4 BR TL 1
5 3 BL BR 0
4 2 BR BL 1
3 1 BL BR 0
GAMEOVER USER CANCEL UNDECIDED
# Game ended: Wed Apr 10 16:42:42 EDT 2019
