# Server version 0.08 running on louis-System-Product-Name:8123
# Game ID: 297
# Board class: pentago_swap.PentagoBoard
# Timeout: 2000
# First Move Timeout: 30000
# Date: Wed Apr 10 18:50:29 EDT 2019
# Player 1: Player-0, '260872326', running on localhost
# Player 2: Player-1, 'RandomPlayer', running on localhost
START Player-0 260872326
START Player-1 RandomPlayer
1 5 BL BR 0
1 1 TL TR 1
1 5 BL BR 0
2 0 TL TR 1
4 5 TL BR 0
1 3 TL BR 1
4 2 BL BR 0
2 0 BL BR 1
3 3 TL BL 0
0 0 TL BL 1
0 3 TL BL 0
2 5 BL BR 1
3 3 TL BL 0
5 0 TR BL 1
4 3 TL TR 0
0 4 TL BL 1
1 3 TL BR 0
5 4 TR BR 1
4 0 BL BR 0
0 2 TL BR 1
5 0 TL TR 0
0 1 TR BL 1
GAMEOVER WINNER 0
# Game ended: Wed Apr 10 18:50:30 EDT 2019
