# Server version 0.08 running on louis-System-Product-Name:8123
# Game ID: 122
# Board class: pentago_swap.PentagoBoard
# Timeout: 2000
# First Move Timeout: 30000
# Date: Sun Apr 07 20:15:43 EDT 2019
# Player 1: Player-0, '260872326', running on localhost
# Player 2: Player-1, 'RandomPlayer', running on localhost
START Player-0 260872326
START Player-1 RandomPlayer
0 4 BL BR 0
0 1 TR BR 1
0 2 TL BR 0
3 1 TL TR 1
0 2 TL BR 0
2 0 BL BR 1
5 2 TR BR 0
3 5 TL BL 1
5 5 TL TR 0
5 3 BL BR 1
0 2 TL BR 0
3 3 TL TR 1
3 0 BL BR 0
1 1 BL BR 1
2 4 TL BL 0
5 3 TR BR 1
1 1 BL BR 0
2 1 TL BR 1
1 3 TL TR 0
4 0 TR BR 1
3 4 BL BR 0
3 3 TL TR 1
2 4 TR BR 0
4 2 TR BR 1
1 2 TL BR 0
4 3 BL BR 1
4 3 TR BR 0
1 2 TR BR 1
3 3 TL TR 0
2 2 TL BL 1
5 4 TR BR 0
2 3 TL TR 1
GAMEOVER DRAW
# Game ended: Sun Apr 07 20:15:43 EDT 2019
