# Server version 0.08 running on louis-System-Product-Name:8123
# Game ID: 220
# Board class: pentago_swap.PentagoBoard
# Timeout: 2000
# First Move Timeout: 30000
# Date: Wed Apr 10 17:19:43 EDT 2019
# Player 1: Player-0, '260872326', running on localhost
# Player 2: Player-1, 'Human', running on localhost
START Player-0 260872326
START Player-1 Human
0 0 TL TR 0
4 2 BR BL 1
0 0 TL TR 0
4 4 BR TR 1
0 1 TL TR 0
1 0 TL BL 1
0 0 TL TR 0
2 1 TL BL 1
0 0 TL TR 0
2 4 BR TR 1
0 1 TL BR 0
2 0 TL BL 1
0 2 TL TR 0
3 1 BL BR 1
0 1 TL TR 0
GAMEOVER WINNER 0
# Game ended: Wed Apr 10 17:20:15 EDT 2019
