# Server version 0.08 running on louis-System-Product-Name:8123
# Game ID: 137
# Board class: pentago_swap.PentagoBoard
# Timeout: 2000
# First Move Timeout: 30000
# Date: Sun Apr 07 20:24:06 EDT 2019
# Player 1: Player-0, 'RandomPlayer', running on localhost
# Player 2: Player-1, '260872326', running on localhost
START Player-0 RandomPlayer
START Player-1 260872326
0 4 TL TR 0
0 4 BL BR 1
5 1 BL BR 0
0 2 TL BR 1
0 2 TL BL 0
0 2 TL BR 1
5 4 TR BR 0
0 4 TL TR 1
5 0 BL BR 0
3 4 BL BR 1
5 5 TL BR 0
5 3 TL TR 1
5 5 BL BR 0
0 5 TL BL 1
4 5 TL BR 0
1 0 TR BR 1
0 3 TL TR 0
0 3 TR BL 1
1 3 TL BL 0
1 5 TL TR 1
5 3 TR BL 0
2 0 TL TR 1
3 3 TL TR 0
1 3 BL BR 1
5 1 TL TR 0
GAMEOVER WINNER 0
# Game ended: Sun Apr 07 20:24:07 EDT 2019
