# Server version 0.08 running on louis-System-Product-Name:8123
# Game ID: 252
# Board class: pentago_swap.PentagoBoard
# Timeout: 2000
# First Move Timeout: 30000
# Date: Wed Apr 10 17:41:28 EDT 2019
# Player 1: Player-0, 'RandomPlayer', running on localhost
# Player 2: Player-1, '260872326', running on localhost
START Player-0 RandomPlayer
START Player-1 260872326
3 0 TL BR 0
2 5 TL BR 1
2 0 TR BL 0
2 5 TL BR 1
0 1 TL TR 0
2 5 TL BR 1
0 5 TL TR 0
2 5 TL BR 1
3 0 TL BL 0
2 4 BL TR 1
1 5 TL BR 0
2 4 BL TR 1
5 3 TR BL 0
2 1 TR BR 1
2 4 TL BR 0
2 0 TL TR 1
0 4 TL BL 0
GAMEOVER WINNER 1
# Game ended: Wed Apr 10 17:41:29 EDT 2019
