# Server version 0.08 running on louis-System-Product-Name:8123
# Game ID: 69
# Board class: pentago_swap.PentagoBoard
# Timeout: 2000
# First Move Timeout: 30000
# Date: Wed Apr 03 12:00:05 EDT 2019
# Player 1: Player-0, 'Human', running on localhost
# Player 2: Player-1, '260872326', running on localhost
START Player-0 Human
START Player-1 260872326
1 2 TL BL 0
3 0 TR BR 1
2 4 TL BR 0
4 1 TL TR 1
4 4 TR TL 0
2 2 TL TR 1
0 2 BR TR 0
2 3 TL TR 1
5 1 BL TR 0
4 0 TR BR 1
3 4 TR TL 0
0 0 TL TR 1
4 2 TL TR 0
0 1 TL BL 1
2 4 TR TL 0
0 0 TL BL 1
2 1 TL BL 0
0 1 TL BL 1
2 3 TR BR 0
0 2 TL TR 1
0 2 TR TL 0
1 0 TR BL 1
GAMEOVER WINNER 1
# Game ended: Wed Apr 03 12:00:56 EDT 2019
