# Server version 0.08 running on louis-System-Product-Name:8123
# Game ID: 287
# Board class: pentago_swap.PentagoBoard
# Timeout: 2000
# First Move Timeout: 30000
# Date: Wed Apr 10 18:32:33 EDT 2019
# Player 1: Player-0, '260872326', running on localhost
# Player 2: Player-1, 'RandomPlayer', running on localhost
START Player-0 260872326
START Player-1 RandomPlayer
0 4 BL TR 0
3 5 TL TR 1
0 4 BL TR 0
0 0 TR BR 1
0 4 BL TR 0
1 5 TL TR 1
0 4 BL TR 0
0 2 TR BL 1
0 5 BL TR 0
1 5 TR BL 1
3 5 BL BR 0
2 2 TL TR 1
GAMEOVER WINNER 1
# Game ended: Wed Apr 10 18:32:34 EDT 2019
