# Server version 0.08 running on louis-System-Product-Name:8123
# Game ID: 121
# Board class: pentago_swap.PentagoBoard
# Timeout: 2000
# First Move Timeout: 30000
# Date: Sun Apr 07 19:51:20 EDT 2019
# Player 1: Player-0, '260872326', running on localhost
# Player 2: Player-1, 'Human', running on localhost
START Player-0 260872326
START Player-1 Human
0 4 BL BR 0
1 4 TL TR 1
0 2 TL BR 0
3 3 BL BR 1
0 2 TL BR 0
2 3 TL TR 1
0 2 TL BR 0
1 1 TL TR 1
0 2 TL BR 0
1 2 TR TL 1
0 4 TL TR 0
5 0 BL BR 1
2 2 TR BR 0
3 4 BL BR 1
2 5 TL TR 0
1 4 TR TL 1
2 4 BL BR 0
4 3 BR BL 1
5 4 TL BL 0
3 3 BR BL 1
5 0 BL BR 0
1 3 TR TL 1
4 4 TL TR 0
3 4 BR BL 1
0 0 BL BR 0
4 3 BR BL 1
5 2 TR BR 0
2 4 TR TL 1
1 0 TL BR 0
GAMEOVER WINNER 1
# Game ended: Sun Apr 07 19:52:08 EDT 2019
