# Server version 0.08 running on louis-System-Product-Name:8123
# Game ID: 84
# Board class: pentago_swap.PentagoBoard
# Timeout: 2000
# First Move Timeout: 30000
# Date: Sat Apr 06 01:55:59 EDT 2019
# Player 1: Player-0, '260872326', running on localhost
# Player 2: Player-1, 'Human', running on localhost
START Player-0 260872326
START Player-1 Human
4 5 BL TR 0
4 1 TL BL 1
3 3 TR BR 0
2 1 BL TL 1
4 5 BL TR 0
3 4 TR BR 1
1 2 BL BR 0
1 4 TR BR 1
5 5 TL TR 0
5 4 BL TR 1
GAMEOVER WINNER 1
# Game ended: Sat Apr 06 01:56:27 EDT 2019
