# Server version 0.08 running on louis-System-Product-Name:8123
# Game ID: 99
# Board class: pentago_swap.PentagoBoard
# Timeout: 2000
# First Move Timeout: 30000
# Date: Sat Apr 06 02:24:27 EDT 2019
# Starting at move 2
# Player 1: Player-0, '260872326', running on localhost
# Player 2: Player-1, 'RandomPlayer', running on localhost
START Player-0 260872326
START Player-1 RandomPlayer
2 5 TL BR 0
0 1 TR BR 1
3 3 TR BR 0
3 3 TL TR 1
3 5 TL TR 0
1 5 BL BR 1
5 1 BL BR 0
3 4 TL BL 1
2 0 TL BL 0
5 3 BL BR 1
2 0 BL BR 0
3 1 TL TR 1
1 0 TL TR 0
1 0 BL BR 1
2 4 BL BR 0
5 1 TR BR 1
5 2 TR BR 0
1 2 TL BR 1
4 1 TL BR 0
4 0 TR BR 1
2 2 TR BR 0
2 3 TL TR 1
1 4 TL TR 0
3 2 TR BR 1
4 4 TR BR 0
4 4 BL BR 1
0 4 BL BR 0
0 5 TR BR 1
GAMEOVER WINNER 0
# Game ended: Sat Apr 06 02:24:28 EDT 2019
