# Server version 0.08 running on louis-System-Product-Name:8123
# Game ID: 66
# Board class: pentago_swap.PentagoBoard
# Timeout: 2000
# First Move Timeout: 30000
# Date: Wed Apr 03 03:09:33 EDT 2019
# Player 1: Player-0, 'Human', running on localhost
# Player 2: Player-1, '260872326', running on localhost
START Player-0 Human
START Player-1 260872326
1 1 TL TR 0
0 1 TR BR 1
4 3 BR TR 0
3 3 TL TR 1
1 2 TL BL 0
1 4 BL BR 1
4 2 BL TL 0
3 3 TL BL 1
4 1 BL BR 0
5 4 BL BR 1
GAMEOVER WINNER 0
# Game ended: Wed Apr 03 03:10:00 EDT 2019
