# Server version 0.08 running on louis-System-Product-Name:8123
# Game ID: 311
# Board class: pentago_swap.PentagoBoard
# Timeout: 2000
# First Move Timeout: 30000
# Date: Wed Apr 10 20:10:40 EDT 2019
# Player 1: Player-0, '260872326', running on localhost
# Player 2: Player-1, 'Human', running on localhost
START Player-0 260872326
START Player-1 Human
4 2 BL BR 0
0 0 TL BL 1
4 2 BL BR 0
5 5 BR BL 1
1 2 TL BL 0
5 2 BL BR 1
1 5 BL BR 0
5 5 BR BL 1
1 0 TR BR 0
5 5 BR BL 1
1 3 TL BR 0
5 4 BR BL 1
1 0 TR BR 0
4 4 BR BL 1
1 3 TL BR 0
5 4 BR BL 1
1 4 TR BR 0
5 4 BR BL 1
4 4 BL BR 0
GAMEOVER WINNER 0
# Game ended: Wed Apr 10 20:10:56 EDT 2019
