# Server version 0.08 running on louis-System-Product-Name:8123
# Game ID: 217
# Board class: pentago_swap.PentagoBoard
# Timeout: 2000
# First Move Timeout: 30000
# Date: Wed Apr 10 17:07:32 EDT 2019
# Player 1: Player-0, '260872326', running on localhost
# Player 2: Player-1, 'Human', running on localhost
START Player-0 260872326
START Player-1 Human
4 5 BL BR 0
0 1 TL BL 1
4 5 BL BR 0
3 3 BR TR 1
4 5 BL BR 0
0 5 TR BR 1
4 5 BL BR 0
4 0 BL TL 1
5 0 BL TR 0
2 2 TL BL 1
0 4 BL TR 0
2 4 TR BR 1
5 3 TR BR 0
2 2 TL BL 1
3 1 TL BL 0
2 1 TL BL 1
4 1 TL BR 0
3 0 BL TL 1
GAMEOVER WINNER 0
# Game ended: Wed Apr 10 17:07:59 EDT 2019
