# Server version 0.08 running on louis-System-Product-Name:8123
# Game ID: 175
# Board class: pentago_swap.PentagoBoard
# Timeout: 2000
# First Move Timeout: 30000
# Date: Wed Apr 10 13:02:53 EDT 2019
# Player 1: Player-0, '260872326', running on localhost
# Player 2: Player-1, 'Human', running on localhost
START Player-0 260872326
START Player-1 Human
2 0 BL TR 0
3 0 TL BL 1
2 0 BL TR 0
5 2 BL BR 1
5 0 BL BR 0
5 5 BR BL 1
5 3 TL BL 0
2 5 TR TL 1
1 4 TL BR 0
1 5 TR TL 1
1 4 TL BR 0
0 3 TR TL 1
0 4 BL BR 0
0 1 TL TR 1
1 1 BL TR 0
3 4 BR TR 1
1 4 TL BR 0
