# Server version 0.08 running on louis-System-Product-Name:8123
# Game ID: 109
# Board class: pentago_swap.PentagoBoard
# Timeout: 2000
# First Move Timeout: 30000
# Date: Sat Apr 06 23:11:23 EDT 2019
# Player 1: Player-0, '260872326', running on localhost
# Player 2: Player-1, 'RandomPlayer', running on localhost
START Player-0 260872326
START Player-1 RandomPlayer
1 0 TR BR 0
0 1 TR BR 1
3 4 TR BR 0
3 3 TL TR 1
1 0 TR BR 0
2 0 BL BR 1
3 2 TL TR 0
3 5 TL BL 1
0 3 BL BR 0
5 4 BL BR 1
3 4 TL BL 0
4 1 TL TR 1
3 3 BL BR 0
1 2 BL BR 1
2 5 TL TR 0
5 3 TR BR 1
1 0 TR BR 0
1 4 TL BR 1
1 0 TR BR 0
4 2 TR BR 1
3 4 BL BR 0
3 2 TL TR 1
2 2 TR BR 0
4 2 TR BR 1
GAMEOVER WINNER 0
# Game ended: Sat Apr 06 23:11:23 EDT 2019
