# Server version 0.08 running on louis-System-Product-Name:8123
# Game ID: 73
# Board class: pentago_swap.PentagoBoard
# Timeout: 2000
# First Move Timeout: 30000
# Date: Wed Apr 03 12:04:27 EDT 2019
# Player 1: Player-0, '260872326', running on localhost
# Player 2: Player-1, 'RandomPlayer', running on localhost
START Player-0 260872326
START Player-1 RandomPlayer
0 3 TR BL 0
0 1 TR BR 1
4 1 TL TR 0
3 2 TL TR 1
5 1 TR BR 0
1 4 BL BR 1
4 1 TL BL 0
3 2 TL BL 1
3 1 TL BR 0
5 4 BL BR 1
0 1 TL TR 0
GAMEOVER WINNER 0
# Game ended: Wed Apr 03 12:04:33 EDT 2019
