# Server version 0.08 running on louis-System-Product-Name:8123
# Game ID: 78
# Board class: pentago_swap.PentagoBoard
# Timeout: 2000
# First Move Timeout: 30000
# Date: Fri Apr 05 00:08:51 EDT 2019
# Player 1: Player-0, '260872326', running on localhost
# Player 2: Player-1, 'Human', running on localhost
START Player-0 260872326
START Player-1 Human
5 2 TR BR 0
3 3 BL BR 1
0 3 TL TR 0
4 0 BL BR 1
3 5 BL BR 0
5 0 BL TL 1
2 2 TL BL 0
2 0 BR BL 1
5 0 BL BR 0
1 0 BL BR 1
1 4 TL TR 0
GAMEOVER WINNER 1
# Game ended: Fri Apr 05 00:16:17 EDT 2019
