# Server version 0.08 running on louis-System-Product-Name:8123
# Game ID: 264
# Board class: pentago_swap.PentagoBoard
# Timeout: 2000
# First Move Timeout: 30000
# Date: Wed Apr 10 17:46:57 EDT 2019
# Player 1: Player-0, '260872326', running on localhost
# Player 2: Player-1, 'Human', running on localhost
START Player-0 260872326
START Player-1 Human
2 5 TL BR 0
0 3 TR TL 1
2 5 TL BR 0
0 4 TR TL 1
2 5 TL BR 0
0 4 TR TL 1
5 2 BL TR 0
0 0 TL TR 1
5 1 BL BR 0
0 1 TL TR 1
2 3 TL BL 0
0 0 TL TR 1
2 3 TL BL 0
0 2 TL TR 1
4 1 BL BR 0
1 0 TL TR 1
GAMEOVER WINNER 1
# Game ended: Wed Apr 10 17:47:17 EDT 2019
