# Server version 0.08 running on louis-System-Product-Name:8123
# Game ID: 233
# Board class: pentago_swap.PentagoBoard
# Timeout: 2000
# First Move Timeout: 30000
# Date: Wed Apr 10 17:28:55 EDT 2019
# Player 1: Player-0, '260872326', running on localhost
# Player 2: Player-1, 'Human', running on localhost
START Player-0 260872326
START Player-1 Human
1 0 TL TR 0
5 5 BR TR 1
1 0 TL TR 0
5 5 BR TR 1
1 0 TL TR 0
5 5 BR TR 1
0 3 BL BR 0
5 5 BR TR 1
0 2 TL TR 0
5 0 BL TL 1
0 3 BL BR 0
5 0 BL TL 1
0 2 BL BR 0
5 0 BL TL 1
1 0 TL TR 0
5 4 BR TR 1
5 4 TL BR 0
5 4 BR TR 1
0 2 BL BR 0
