# Server version 0.08 running on louis-System-Product-Name:8123
# Game ID: 247
# Board class: pentago_swap.PentagoBoard
# Timeout: 2000
# First Move Timeout: 30000
# Date: Wed Apr 10 17:41:02 EDT 2019
# Player 1: Player-0, 'RandomPlayer', running on localhost
# Player 2: Player-1, '260872326', running on localhost
START Player-0 RandomPlayer
START Player-1 260872326
2 5 TL BR 0
5 2 BL TR 1
5 5 BL BR 0
2 2 TL BL 1
3 4 TR BL 0
2 4 BL TR 1
3 1 TR BR 0
2 4 BL TR 1
1 0 BL BR 0
5 1 TL BL 1
3 3 BL BR 0
2 3 TL BL 1
5 3 TR BL 0
2 0 TL TR 1
2 0 BL BR 0
5 1 TL BL 1
GAMEOVER WINNER 1
# Game ended: Wed Apr 10 17:41:03 EDT 2019
