# Server version 0.08 running on louis-System-Product-Name:8123
# Game ID: 181
# Board class: pentago_swap.PentagoBoard
# Timeout: 2000
# First Move Timeout: 30000
# Date: Wed Apr 10 14:51:08 EDT 2019
# Player 1: Player-0, 'Human', running on localhost
# Player 2: Player-1, '260872326', running on localhost
START Player-0 Human
START Player-1 260872326
1 2 TR TL 0
4 0 TL TR 1
4 1 BL BR 0
4 0 TL TR 1
3 4 TR BR 0
2 2 TR BR 1
2 4 TR BR 0
3 0 TL BL 1
3 4 TR BR 0
5 3 BL BR 1
3 4 TR BR 0
3 0 TL BL 1
GAMEOVER WINNER 1
# Game ended: Wed Apr 10 14:51:23 EDT 2019
