# Server version 0.08 running on louis-System-Product-Name:8123
# Game ID: 262
# Board class: pentago_swap.PentagoBoard
# Timeout: 2000
# First Move Timeout: 30000
# Date: Wed Apr 10 17:45:52 EDT 2019
# Player 1: Player-0, 'RandomPlayer', running on localhost
# Player 2: Player-1, '260872326', running on localhost
START Player-0 RandomPlayer
START Player-1 260872326
5 3 TR BR 0
2 5 TL BR 1
1 4 TL TR 0
2 5 TL BR 1
1 3 TR BL 0
2 5 TL BR 1
2 4 TL BL 0
5 5 TL BR 1
0 2 TL BR 0
5 1 TL BL 1
3 2 TL BL 0
2 1 TR BR 1
1 5 TL BL 0
4 1 TL BL 1
2 4 TR BL 0
2 0 TL TR 1
GAMEOVER WINNER 1
# Game ended: Wed Apr 10 17:45:52 EDT 2019
