# Server version 0.08 running on louis-System-Product-Name:8123
# Game ID: 5
# Board class: pentago_swap.PentagoBoard
# Timeout: 2000
# First Move Timeout: 30000
# Date: Mon Apr 01 21:46:39 EDT 2019
# Player 1: Player-0, 'RandomPlayer', running on localhost
# Player 2: Player-1, 'Human', running on localhost
START Player-0 RandomPlayer
START Player-1 Human
5 2 TR BR 0
4 1 BL BR 1
0 3 TL TR 0
4 3 BR BL 1
3 4 BL BR 0
1 2 BL BR 1
2 0 TL BL 0
1 2 BR TR 1
5 3 BL BR 0
4 3 BL BR 1
2 0 TL TR 0
4 1 BL TL 1
GAMEOVER WINNER 1
# Game ended: Mon Apr 01 21:47:40 EDT 2019
