# Server version 0.08 running on louis-System-Product-Name:8123
# Game ID: 309
# Board class: pentago_swap.PentagoBoard
# Timeout: 2000
# First Move Timeout: 30000
# Date: Wed Apr 10 19:33:00 EDT 2019
# Player 1: Player-0, '260872326', running on localhost
# Player 2: Player-1, 'Human', running on localhost
START Player-0 260872326
START Player-1 Human
1 5 TL BR 0
5 5 BR BL 1
4 5 BL TR 0
5 5 BR BL 1
1 5 TL BR 0
5 5 BR BL 1
4 2 TR BR 0
5 4 BR BL 1
0 2 TL BL 0
5 4 BL TL 1
3 5 TL TR 0
5 3 BR BL 1
0 2 TL BL 0
4 4 BL TL 1
3 5 TL TR 0
5 3 BR BL 1
GAMEOVER WINNER 1
# Game ended: Wed Apr 10 19:33:25 EDT 2019
