# Server version 0.08 running on louis-System-Product-Name:8123
# Game ID: 256
# Board class: pentago_swap.PentagoBoard
# Timeout: 2000
# First Move Timeout: 30000
# Date: Wed Apr 10 17:45:02 EDT 2019
# Player 1: Player-0, '260872326', running on localhost
# Player 2: Player-1, 'RandomPlayer', running on localhost
START Player-0 260872326
START Player-1 RandomPlayer
2 5 TL BR 0
3 1 TL BR 1
5 2 BL TR 0
4 4 TL TR 1
2 5 TL BR 0
0 3 TR BL 1
2 1 TL TR 0
0 4 TR BR 1
5 5 TL BR 0
4 2 TR BR 1
2 3 BL TR 0
0 2 TL BR 1
2 0 TL TR 0
2 1 TR BR 1
5 1 TL BL 0
4 3 TL TR 1
GAMEOVER WINNER 0
# Game ended: Wed Apr 10 17:45:02 EDT 2019
