# Server version 0.08 running on louis-System-Product-Name:8123
# Game ID: 177
# Board class: pentago_swap.PentagoBoard
# Timeout: 2000
# First Move Timeout: 30000
# Date: Wed Apr 10 13:09:36 EDT 2019
# Player 1: Player-0, '260872326', running on localhost
# Player 2: Player-1, 'Human', running on localhost
START Player-0 260872326
START Player-1 Human
2 0 BL TR 0
2 1 TL BL 1
2 0 BL TR 0
2 5 BR TR 1
2 3 BL BR 0
5 3 BR TR 1
1 4 TL BR 0
2 4 BR TR 1
0 4 BL BR 0
3 4 TR BR 1
1 4 TL BR 0
2 2 TL BL 1
0 1 TL BL 0
4 4 BR TR 1
1 1 BL TR 0
2 1 TL BL 1
3 3 TR BR 0
3 3 BR TR 1
2 5 TL BR 0
3 3 BR TR 1
4 0 TR BR 0
3 2 BL TL 1
4 0 TL BR 0
GAMEOVER USER CANCEL UNDECIDED
# Game ended: Wed Apr 10 13:11:36 EDT 2019
