# Server version 0.08 running on louis-System-Product-Name:8123
# Game ID: 174
# Board class: pentago_swap.PentagoBoard
# Timeout: 2000
# First Move Timeout: 30000
# Date: Wed Apr 10 13:02:27 EDT 2019
# Player 1: Player-0, '260872326', running on localhost
# Player 2: Player-1, 'Human', running on localhost
START Player-0 260872326
START Player-1 Human
2 0 BL TR 0
4 4 BL BR 1
2 3 BL BR 0
2 4 BR TR 1
2 3 BL BR 0
4 1 BL BR 1
5 0 BL BR 0
3 1 BL BR 1
1 1 BL TR 0
2 4 TL TR 1
1 1 BL TR 0
GAMEOVER USER CANCEL UNDECIDED
# Game ended: Wed Apr 10 13:02:48 EDT 2019
