# Server version 0.08 running on louis-System-Product-Name:8123
# Game ID: 304
# Board class: pentago_swap.PentagoBoard
# Timeout: 2000
# First Move Timeout: 30000
# Date: Wed Apr 10 19:02:11 EDT 2019
# Player 1: Player-0, '260872326', running on localhost
# Player 2: Player-1, 'Human', running on localhost
START Player-0 260872326
START Player-1 Human
1 5 TL BR 0
0 3 TR BR 1
1 5 TL BR 0
0 4 TR BR 1
1 5 TL BR 0
0 4 TR BR 1
4 2 TR BR 0
0 3 TR BR 1
0 2 TL BL 0
4 4 BR BL 1
0 2 TL BL 0
5 4 BR BL 1
0 2 TL BL 0
5 4 BR BL 1
0 5 TL TR 0
5 4 BR BL 1
2 5 BL BR 0
GAMEOVER WINNER 0
# Game ended: Wed Apr 10 19:02:45 EDT 2019
