# Server version 0.08 running on louis-System-Product-Name:8123
# Game ID: 231
# Board class: pentago_swap.PentagoBoard
# Timeout: 2000
# First Move Timeout: 30000
# Date: Wed Apr 10 17:28:38 EDT 2019
# Player 1: Player-0, '260872326', running on localhost
# Player 2: Player-1, '260872326', running on localhost
START Player-0 260872326
START Player-1 260872326
1 0 TL TR 0
1 0 TL TR 1
0 3 BL BR 0
0 2 BL BR 1
5 4 TL BR 0
1 0 TL TR 1
0 3 BL BR 0
0 2 BL BR 1
5 4 TL BR 0
5 4 TL BR 1
0 5 TL TR 0
3 0 TL TR 1
2 0 TL BR 0
4 0 TL BR 1
5 0 BL TR 0
0 5 TL TR 1
4 5 TL TR 0
5 0 BL TR 1
5 3 BL TR 0
3 3 BL BR 1
5 2 TR BR 0
5 4 TL BR 1
GAMEOVER WINNER 1
# Game ended: Wed Apr 10 17:28:38 EDT 2019
