# Server version 0.08 running on louis-System-Product-Name:8123
# Game ID: 180
# Board class: pentago_swap.PentagoBoard
# Timeout: 2000
# First Move Timeout: 30000
# Date: Wed Apr 10 14:50:26 EDT 2019
# Player 1: Player-0, '260872326', running on localhost
# Player 2: Player-1, 'Human', running on localhost
START Player-0 260872326
START Player-1 Human
4 0 TL TR 0
1 1 BL TL 1
4 0 TL TR 0
4 2 BL TL 1
2 3 TL BL 0
3 1 BL TL 1
4 0 TL TR 0
2 4 TR BR 1
2 2 TR BR 0
3 4 BR BL 1
5 0 TL TR 0
4 1 BL BR 1
2 0 TL TR 0
GAMEOVER WINNER 1
# Game ended: Wed Apr 10 14:51:00 EDT 2019
