# Server version 0.08 running on louis-System-Product-Name:8123
# Game ID: 149
# Board class: pentago_swap.PentagoBoard
# Timeout: 2000
# First Move Timeout: 30000
# Date: Wed Apr 10 11:33:29 EDT 2019
# Player 1: Player-0, '260872326', running on localhost
# Player 2: Player-1, 'Human', running on localhost
START Player-0 260872326
START Player-1 Human
2 0 BL TR 0
1 1 TL BR 1
2 0 BL TR 0
1 4 TR BL 1
2 3 BL BR 0
1 3 TR TL 1
5 3 TL BL 0
0 0 TL TR 1
1 1 BL TR 0
GAMEOVER USER CANCEL UNDECIDED
# Game ended: Wed Apr 10 11:39:14 EDT 2019
