# Server version 0.08 running on louis-System-Product-Name:8123
# Game ID: 199
# Board class: pentago_swap.PentagoBoard
# Timeout: 2000
# First Move Timeout: 30000
# Date: Wed Apr 10 16:10:32 EDT 2019
# Player 1: Player-0, '260872326', running on localhost
# Player 2: Player-1, 'Human', running on localhost
START Player-0 260872326
START Player-1 Human
4 0 TL TR 0
4 1 TL BL 1
4 0 TL TR 0
1 5 TR BR 1
1 2 TL TR 0
4 2 BR TL 1
4 1 TL BR 0
2 4 TR TL 1
0 5 TR BR 0
2 3 TR BR 1
0 4 TR BR 0
0 5 BR BL 1
5 0 TR BR 0
GAMEOVER USER CANCEL UNDECIDED
# Game ended: Wed Apr 10 16:13:28 EDT 2019
