# Server version 0.08 running on louis-System-Product-Name:8123
# Game ID: 218
# Board class: pentago_swap.PentagoBoard
# Timeout: 2000
# First Move Timeout: 30000
# Date: Wed Apr 10 17:08:17 EDT 2019
# Player 1: Player-0, '260872326', running on localhost
# Player 2: Player-1, 'Human', running on localhost
START Player-0 260872326
START Player-1 Human
4 5 BL BR 0
5 2 BL TL 1
4 5 BL BR 0
5 2 BL TL 1
4 5 BL BR 0
5 2 BL TL 1
5 0 BL TR 0
5 2 BL TL 1
5 0 BL TR 0
5 1 BL TL 1
5 0 BL TR 0
5 1 BL TL 1
5 3 TR BR 0
5 4 BR TR 1
4 1 BL BR 0
5 1 BL TL 1
4 1 BL BR 0
3 3 BR TR 1
4 5 BL BR 0
0 0 TL TR 1
4 1 BL BR 0
3 0 BL TL 1
0 4 BL TR 0
3 4 BR TR 1
4 1 BL BR 0
3 2 BL TL 1
3 1 TL BL 0
GAMEOVER WINNER 0
# Game ended: Wed Apr 10 17:09:01 EDT 2019
