# Server version 0.08 running on louis-System-Product-Name:8123
# Game ID: 126
# Board class: pentago_swap.PentagoBoard
# Timeout: 2000
# First Move Timeout: 30000
# Date: Sun Apr 07 20:18:08 EDT 2019
# Player 1: Player-0, '260872326', running on localhost
# Player 2: Player-1, 'RandomPlayer', running on localhost
START Player-0 260872326
START Player-1 RandomPlayer
0 4 BL BR 0
2 5 TL BL 1
0 2 TL BR 0
1 0 BL BR 1
0 2 TL BR 0
5 5 TL TR 1
0 2 TL BR 0
2 4 TR BL 1
2 4 TR BL 0
4 2 TL TR 1
0 2 TL BR 0
5 2 BL BR 1
1 1 TL BL 0
0 1 BL BR 1
0 4 TL TR 0
3 1 TR BR 1
0 3 TL BR 0
3 0 TL BR 1
GAMEOVER WINNER 0
# Game ended: Sun Apr 07 20:18:09 EDT 2019
