# Server version 0.08 running on louis-System-Product-Name:8123
# Game ID: 114
# Board class: pentago_swap.PentagoBoard
# Timeout: 2000
# First Move Timeout: 30000
# Date: Sun Apr 07 01:13:18 EDT 2019
# Player 1: Player-0, '260872326', running on localhost
# Player 2: Player-1, 'Human', running on localhost
START Player-0 260872326
START Player-1 Human
5 2 TR BR 0
4 4 BL BR 1
5 2 TR BR 0
4 4 BR BL 1
5 2 TR BR 0
1 1 TL TR 1
5 0 TR BR 0
4 2 BL TL 1
5 5 TL TR 0
1 3 TR TL 1
2 1 BL BR 0
3 1 BL TL 1
2 0 TL BL 0
1 4 TR BR 1
0 5 BL BR 0
