# Server version 0.08 running on louis-System-Product-Name:8123
# Game ID: 310
# Board class: pentago_swap.PentagoBoard
# Timeout: 2000
# First Move Timeout: 30000
# Date: Wed Apr 10 19:38:34 EDT 2019
# Player 1: Player-0, '260872326', running on localhost
# Player 2: Player-1, 'Human', running on localhost
START Player-0 260872326
START Player-1 Human
1 5 TL BR 0
2 5 TR TL 1
1 5 TL BR 0
2 5 TR TL 1
1 5 TL BR 0
3 5 TR TL 1
4 2 TR BR 0
3 5 BR BL 1
0 2 TL BL 0
3 5 BR BL 1
5 5 TL BL 0
2 2 TL TR 1
3 4 TL BL 0
0 4 TL TR 1
3 3 TL BL 0
0 3 TR BR 1
3 4 TL BL 0
2 3 BR TR 1
3 1 BL TR 0
4 1 BL TR 1
3 0 BL BR 0
GAMEOVER WINNER 0
# Game ended: Wed Apr 10 19:39:18 EDT 2019
