# Server version 0.08 running on louis-System-Product-Name:8123
# Game ID: 176
# Board class: pentago_swap.PentagoBoard
# Timeout: 2000
# First Move Timeout: 30000
# Date: Wed Apr 10 13:04:26 EDT 2019
# Player 1: Player-0, '260872326', running on localhost
# Player 2: Player-1, 'Human', running on localhost
START Player-0 260872326
START Player-1 Human
2 0 BL TR 0
4 1 TL BL 1
2 0 BL TR 0
1 2 TL BL 1
2 0 BL TR 0
2 4 BR BL 1
5 0 BL BR 0
3 3 BL BR 1
1 1 BL TR 0
1 3 TR BL 1
3 1 BL BR 0
GAMEOVER USER CANCEL UNDECIDED
# Game ended: Wed Apr 10 13:08:53 EDT 2019
