# Server version 0.08 running on louis-System-Product-Name:8123
# Game ID: 298
# Board class: pentago_swap.PentagoBoard
# Timeout: 2000
# First Move Timeout: 30000
# Date: Wed Apr 10 18:50:37 EDT 2019
# Player 1: Player-0, '260872326', running on localhost
# Player 2: Player-1, 'Human', running on localhost
START Player-0 260872326
START Player-1 Human
1 5 BL BR 0
0 5 TR TL 1
1 5 BL BR 0
0 5 TR TL 1
4 5 TL BR 0
3 2 BL BR 1
4 5 TL BR 0
3 5 BR BL 1
3 3 TL BL 0
5 5 BR BL 1
3 3 TL BL 0
5 5 BR BL 1
3 3 TL BL 0
5 4 BR BL 1
0 3 TL BL 0
5 3 BL BR 1
4 3 TL TR 0
5 4 BR BL 1
4 3 TL TR 0
5 4 BR BL 1
1 3 TL BR 0
5 3 BL BR 1
4 0 BL BR 0
GAMEOVER WINNER 1
# Game ended: Wed Apr 10 18:51:06 EDT 2019
